<?xml version="1.0" encoding="UTF-8"?>
<testsuite name="com.example.demo.GitApiApplicationTests" tests="1" skipped="0" failures="0" errors="0" timestamp="2025-03-05T14:17:00" hostname="db12-devop-graphique" time="0.791">
  <properties/>
  <testcase name="contextLoads()" classname="com.example.demo.GitApiApplicationTests" time="0.791"/>
  <system-out><![CDATA[15:16:58.927 [Test worker] INFO org.springframework.test.context.support.AnnotationConfigContextLoaderUtils -- Could not detect default configuration classes for test class [com.example.demo.GitApiApplicationTests]: GitApiApplicationTests does not declare any static, non-private, non-final, nested classes annotated with @Configuration.
15:16:59.103 [Test worker] INFO org.springframework.boot.test.context.SpringBootTestContextBootstrapper -- Found @SpringBootConfiguration com.example.demo.DemoApplication for test class com.example.demo.GitApiApplicationTests
15:16:59.254 [Test worker] INFO org.springframework.boot.devtools.restart.RestartApplicationListener -- Restart disabled due to context in which it is running

  .   ____          _            __ _ _
 /\\ / ___'_ __ _ _(_)_ __  __ _ \ \ \ \
( ( )\___ | '_ | '_| | '_ \/ _` | \ \ \ \
 \\/  ___)| |_)| | | | | || (_| |  ) ) ) )
  '  |____| .__|_| |_|_| |_\__, | / / / /
 =========|_|==============|___/=/_/_/_/

 :: Spring Boot ::                (v3.4.3)

2025-03-05T15:16:59.500+01:00  INFO 7715 --- [GitApi] [    Test worker] c.example.demo.GitApiApplicationTests    : Starting GitApiApplicationTests using Java 17.0.14 with PID 7715 (started by root in /home/devops/apiAzure)
2025-03-05T15:16:59.501+01:00  INFO 7715 --- [GitApi] [    Test worker] c.example.demo.GitApiApplicationTests    : No active profile set, falling back to 1 default profile: "default"
2025-03-05T15:17:00.714+01:00  INFO 7715 --- [GitApi] [    Test worker] c.example.demo.GitApiApplicationTests    : Started GitApiApplicationTests in 1.468 seconds (process running for 2.574)
]]></system-out>
  <system-err><![CDATA[]]></system-err>
</testsuite>
